# JRE version: Java(TM) SE Runtime Environment (11.0.1+13) (build 11.0.1+13-LTS)
# Java VM: Java HotSpot(TM) 64-Bit Server VM (11.0.1+13-LTS, mixed mode, tiered, compressed oops, g1 gc, windows-amd64)
Heap:
 garbage-first heap   total 262144K, used 46376K [0x00000000c0000000, 0x0000000100000000)
  region size 1024K, 40 young (40960K), 9 survivors (9216K)
 Metaspace       used 41158K, capacity 43256K, committed 43292K, reserved 1087488K
  class space    used 4203K, capacity 4960K, committed 4972K, reserved 1048576K
GC Heap History (8 events):
Event: 9.355 GC heap before
{Heap before GC invocations=0 (full 0):
 garbage-first heap   total 262144K, used 23552K [0x00000000c0000000, 0x0000000100000000)
  region size 1024K, 24 young (24576K), 0 survivors (0K)
 Metaspace       used 13258K, capacity 13561K, committed 13696K, reserved 1060864K
  class space    used 1224K, capacity 1305K, committed 1408K, reserved 1048576K
}
Event: 9.363 GC heap after
{Heap after GC invocations=1 (full 0):
 garbage-first heap   total 262144K, used 3152K [0x00000000c0000000, 0x0000000100000000)
  region size 1024K, 3 young (3072K), 3 survivors (3072K)
 Metaspace       used 13258K, capacity 13561K, committed 13696K, reserved 1060864K
  class space    used 1224K, capacity 1305K, committed 1408K, reserved 1048576K
}
Event: 10.909 GC heap before
{Heap before GC invocations=1 (full 0):
 garbage-first heap   total 262144K, used 52304K [0x00000000c0000000, 0x0000000100000000)
  region size 1024K, 52 young (53248K), 3 survivors (3072K)
 Metaspace       used 20352K, capacity 21188K, committed 21296K, reserved 1069056K
  class space    used 1847K, capacity 2118K, committed 2176K, reserved 1048576K
}
Event: 10.918 GC heap after
{Heap after GC invocations=2 (full 0):
 garbage-first heap   total 262144K, used 8490K [0x00000000c0000000, 0x0000000100000000)
  region size 1024K, 9 young (9216K), 9 survivors (9216K)
 Metaspace       used 20352K, capacity 21188K, committed 21296K, reserved 1069056K
  class space    used 1847K, capacity 2118K, committed 2176K, reserved 1048576K
}
Event: 19.444 GC heap before
{Heap before GC invocations=3 (full 0):
 garbage-first heap   total 262144K, used 69930K [0x00000000c0000000, 0x0000000100000000)
  region size 1024K, 69 young (70656K), 9 survivors (9216K)
 Metaspace       used 30239K, capacity 31451K, committed 31792K, reserved 1077248K
  class space    used 2973K, capacity 3346K, committed 3456K, reserved 1048576K
}
Event: 19.452 GC heap after
{Heap after GC invocations=4 (full 0):
 garbage-first heap   total 262144K, used 12183K [0x00000000c0000000, 0x0000000100000000)
  region size 1024K, 5 young (5120K), 5 survivors (5120K)
 Metaspace       used 30239K, capacity 31451K, committed 31792K, reserved 1077248K
  class space    used 2973K, capacity 3346K, committed 3456K, reserved 1048576K
}
Event: 19.877 GC heap before
{Heap before GC invocations=4 (full 0):
 garbage-first heap   total 262144K, used 49047K [0x00000000c0000000, 0x0000000100000000)
  region size 1024K, 42 young (43008K), 5 survivors (5120K)
 Metaspace       used 34285K, capacity 35799K, committed 35888K, reserved 1081344K
  class space    used 3434K, capacity 3938K, committed 3968K, reserved 1048576K
}
Event: 19.882 GC heap after
{Heap after GC invocations=5 (full 0):
 garbage-first heap   total 262144K, used 16680K [0x00000000c0000000, 0x0000000100000000)
  region size 1024K, 9 young (9216K), 9 survivors (9216K)
 Metaspace       used 34285K, capacity 35799K, committed 35888K, reserved 1081344K
  class space    used 3434K, capacity 3938K, committed 3968K, reserved 1048576K
}

